<?xml version="1.0" ?>
<testsuites disabled="0" errors="0" failures="61" tests="163" time="0.0">
	<testsuite disabled="0" errors="0" failures="61" name="terraform scan" skipped="0" tests="163" time="0">
		<properties>
			<property name="directory" value="['/tf']"/>
			<property name="add_check" value="False"/>
			<property name="list" value="False"/>
			<property name="output" value="['junitxml']"/>
			<property name="output_file_path" value="results.xml"/>
			<property name="output_bc_ids" value="False"/>
			<property name="include_all_checkov_policies" value="True"/>
			<property name="quiet" value="False"/>
			<property name="compact" value="False"/>
			<property name="framework" value="['all']"/>
			<property name="skip_framework" value="[]"/>
			<property name="run_all_external_checks" value="False"/>
			<property name="soft_fail" value="False"/>
			<property name="skip_results_upload" value="False"/>
			<property name="repo_id" value="cli_repo/tf"/>
			<property name="branch" value="master"/>
			<property name="skip_download" value="False"/>
			<property name="use_enforcement_rules" value="False"/>
			<property name="external_modules_download_path" value=".external_modules"/>
			<property name="evaluate_variables" value="True"/>
			<property name="no_cert_verify" value="False"/>
			<property name="create_baseline" value="False"/>
			<property name="output_baseline_as_skipped" value="False"/>
			<property name="secrets_scan_file_type" value="[]"/>
			<property name="enable_secret_scan_all_files" value="False"/>
			<property name="block_list_secret_scan" value="[]"/>
			<property name="summary_position" value="top"/>
			<property name="skip_resources_without_violations" value="False"/>
			<property name="deep_analysis" value="False"/>
			<property name="no_fail_on_crash" value="False"/>
			<property name="mask" value="defaultdict(&lt;class 'set'&gt;, {})"/>
			<property name="scan_secrets_history" value="False"/>
			<property name="secrets_history_timeout" value="12h"/>
			<property name="custom_tool_name" value="Checkov"/>
		</properties>
		<testcase name="[NONE][CKV_AWS_93] Ensure S3 bucket policy does not lockout all but root user. (Prevent lockouts needing root account fixes)" classname="/bootstrap/main.tf.aws_s3_bucket.state" file="/bootstrap/main.tf"/>
		<testcase name="[NONE][CKV_AWS_53] Ensure S3 bucket has block public ACLS enabled" classname="/bootstrap/main.tf.aws_s3_bucket_public_access_block.state" file="/bootstrap/main.tf"/>
		<testcase name="[NONE][CKV_AWS_54] Ensure S3 bucket has block public policy enabled" classname="/bootstrap/main.tf.aws_s3_bucket_public_access_block.state" file="/bootstrap/main.tf"/>
		<testcase name="[NONE][CKV_AWS_55] Ensure S3 bucket has ignore public ACLs enabled" classname="/bootstrap/main.tf.aws_s3_bucket_public_access_block.state" file="/bootstrap/main.tf"/>
		<testcase name="[NONE][CKV_AWS_56] Ensure S3 bucket has 'restrict_public_buckets' enabled" classname="/bootstrap/main.tf.aws_s3_bucket_public_access_block.state" file="/bootstrap/main.tf"/>
		<testcase name="[NONE][CKV_AWS_41] Ensure no hard coded AWS access key and secret key exists in provider" classname="/bootstrap/main.tf.aws.default" file="/bootstrap/main.tf"/>
		<testcase name="[NONE][CKV_AWS_386] Reduce potential for WhoAMI cloud image name confusion attack" classname="/modules/compute/main.tf.module.compute.aws_ami.al2023" file="/modules/compute/main.tf"/>
		<testcase name="[NONE][CKV_AWS_328] Ensure that ALB is configured with defensive or strictest desync mitigation mode" classname="/modules/compute/main.tf.module.compute.aws_lb.app" file="/modules/compute/main.tf"/>
		<testcase name="[NONE][CKV_AWS_261] Ensure HTTP HTTPS Target group defines Healthcheck" classname="/modules/compute/main.tf.module.compute.aws_lb_target_group.app" file="/modules/compute/main.tf"/>
		<testcase name="[NONE][CKV_AWS_341] Ensure Launch template should not have a metadata response hop limit greater than 1" classname="/modules/compute/main.tf.module.compute.aws_launch_template.app" file="/modules/compute/main.tf"/>
		<testcase name="[NONE][CKV_AWS_46] Ensure no hard-coded secrets exist in EC2 user data" classname="/modules/compute/main.tf.module.compute.aws_launch_template.app" file="/modules/compute/main.tf"/>
		<testcase name="[NONE][CKV_AWS_88] EC2 instance should not have public IP." classname="/modules/compute/main.tf.module.compute.aws_launch_template.app" file="/modules/compute/main.tf"/>
		<testcase name="[NONE][CKV_AWS_315] Ensure EC2 Auto Scaling groups use EC2 launch templates" classname="/modules/compute/main.tf.module.compute.aws_autoscaling_group.app" file="/modules/compute/main.tf"/>
		<testcase name="[NONE][CKV_AWS_153] Autoscaling groups should supply tags to launch configurations" classname="/modules/compute/main.tf.module.compute.aws_autoscaling_group.app" file="/modules/compute/main.tf"/>
		<testcase name="[NONE][CKV_AWS_133] Ensure that RDS instances has backup policy" classname="/modules/data/main.tf.module.data.aws_db_instance.postgres" file="/modules/data/main.tf"/>
		<testcase name="[NONE][CKV_AWS_17] Ensure all data stored in RDS is not publicly accessible" classname="/modules/data/main.tf.module.data.aws_db_instance.postgres" file="/modules/data/main.tf"/>
		<testcase name="[NONE][CKV_AWS_388] Ensure AWS Aurora PostgreSQL is not exposed to local file read vulnerability" classname="/modules/data/main.tf.module.data.aws_db_instance.postgres" file="/modules/data/main.tf"/>
		<testcase name="[NONE][CKV_AWS_157] Ensure that RDS instances have Multi-AZ enabled" classname="/modules/data/main.tf.module.data.aws_db_instance.postgres" file="/modules/data/main.tf"/>
		<testcase name="[NONE][CKV_AWS_16] Ensure all data stored in the RDS is securely encrypted at rest" classname="/modules/data/main.tf.module.data.aws_db_instance.postgres" file="/modules/data/main.tf"/>
		<testcase name="[NONE][CKV_AWS_354] Ensure RDS Performance Insights are encrypted using KMS CMKs" classname="/modules/data/main.tf.module.data.aws_db_instance.postgres" file="/modules/data/main.tf"/>
		<testcase name="[NONE][CKV_AWS_211] Ensure RDS uses a modern CaCert" classname="/modules/data/main.tf.module.data.aws_db_instance.postgres" file="/modules/data/main.tf"/>
		<testcase name="[NONE][CKV_AWS_93] Ensure S3 bucket policy does not lockout all but root user. (Prevent lockouts needing root account fixes)" classname="/modules/ingestion/main.tf.module.ingestion.aws_s3_bucket.ingest" file="/modules/ingestion/main.tf"/>
		<testcase name="[NONE][CKV_AWS_53] Ensure S3 bucket has block public ACLS enabled" classname="/modules/ingestion/main.tf.module.ingestion.aws_s3_bucket_public_access_block.ingest" file="/modules/ingestion/main.tf"/>
		<testcase name="[NONE][CKV_AWS_54] Ensure S3 bucket has block public policy enabled" classname="/modules/ingestion/main.tf.module.ingestion.aws_s3_bucket_public_access_block.ingest" file="/modules/ingestion/main.tf"/>
		<testcase name="[NONE][CKV_AWS_55] Ensure S3 bucket has ignore public ACLs enabled" classname="/modules/ingestion/main.tf.module.ingestion.aws_s3_bucket_public_access_block.ingest" file="/modules/ingestion/main.tf"/>
		<testcase name="[NONE][CKV_AWS_56] Ensure S3 bucket has 'restrict_public_buckets' enabled" classname="/modules/ingestion/main.tf.module.ingestion.aws_s3_bucket_public_access_block.ingest" file="/modules/ingestion/main.tf"/>
		<testcase name="[NONE][CKV_AWS_168] Ensure SQS queue policy is not public by only allowing specific services or principals to access it" classname="/modules/ingestion/main.tf.module.ingestion.aws_sqs_queue.dlq" file="/modules/ingestion/main.tf"/>
		<testcase name="[NONE][CKV_AWS_363] Ensure Lambda Runtime is not deprecated" classname="/modules/ingestion/main.tf.module.ingestion.aws_lambda_function.download" file="/modules/ingestion/main.tf"/>
		<testcase name="[NONE][CKV_AWS_45] Ensure no hard-coded secrets exist in lambda environment" classname="/modules/ingestion/main.tf.module.ingestion.aws_lambda_function.download" file="/modules/ingestion/main.tf"/>
		<testcase name="[NONE][CKV_AWS_363] Ensure Lambda Runtime is not deprecated" classname="/modules/ingestion/main.tf.module.ingestion.aws_lambda_function.load" file="/modules/ingestion/main.tf"/>
		<testcase name="[NONE][CKV_AWS_116] Ensure that AWS Lambda function is configured for a Dead Letter Queue(DLQ)" classname="/modules/ingestion/main.tf.module.ingestion.aws_lambda_function.load" file="/modules/ingestion/main.tf"/>
		<testcase name="[NONE][CKV_AWS_117] Ensure that AWS Lambda function is configured inside a VPC" classname="/modules/ingestion/main.tf.module.ingestion.aws_lambda_function.load" file="/modules/ingestion/main.tf"/>
		<testcase name="[NONE][CKV_AWS_45] Ensure no hard-coded secrets exist in lambda environment" classname="/modules/ingestion/main.tf.module.ingestion.aws_lambda_function.load" file="/modules/ingestion/main.tf"/>
		<testcase name="[NONE][CKV_AWS_364] Ensure that AWS Lambda function permissions delegated to AWS services are limited by SourceArn or SourceAccount" classname="/modules/ingestion/main.tf.module.ingestion.aws_lambda_permission.s3_invoke" file="/modules/ingestion/main.tf"/>
		<testcase name="[NONE][CKV_AWS_301] Ensure that AWS Lambda function is not publicly accessible" classname="/modules/ingestion/main.tf.module.ingestion.aws_lambda_permission.s3_invoke" file="/modules/ingestion/main.tf"/>
		<testcase name="[NONE][CKV_AWS_319] Ensure that CloudWatch alarm actions are enabled" classname="/modules/ingestion/main.tf.module.ingestion.aws_cloudwatch_metric_alarm.dlq" file="/modules/ingestion/main.tf"/>
		<testcase name="[NONE][CKV_AWS_61] Ensure AWS IAM policy does not allow assume role permission across all services" classname="/modules/ingestion/main.tf.module.ingestion.aws_iam_role.ingest" file="/modules/ingestion/main.tf"/>
		<testcase name="[NONE][CKV_AWS_393] Ensure AWS GitHub Actions OIDC authorization policies only allow safe claims and claim order on IAM role" classname="/modules/ingestion/main.tf.module.ingestion.aws_iam_role.ingest" file="/modules/ingestion/main.tf"/>
		<testcase name="[NONE][CKV_AWS_60] Ensure IAM role allows only specific services or principals to assume it" classname="/modules/ingestion/main.tf.module.ingestion.aws_iam_role.ingest" file="/modules/ingestion/main.tf"/>
		<testcase name="[NONE][CKV_AWS_274] Disallow IAM roles, users, and groups from using the AWS AdministratorAccess policy" classname="/modules/ingestion/main.tf.module.ingestion.aws_iam_role.ingest" file="/modules/ingestion/main.tf"/>
		<testcase name="[NONE][CKV_AWS_274] Disallow IAM roles, users, and groups from using the AWS AdministratorAccess policy" classname="/modules/ingestion/main.tf.module.ingestion.aws_iam_role_policy_attachment.ingest_basic" file="/modules/ingestion/main.tf"/>
		<testcase name="[NONE][CKV_AWS_61] Ensure AWS IAM policy does not allow assume role permission across all services" classname="/modules/ingestion/main.tf.module.ingestion.aws_iam_role.scheduler" file="/modules/ingestion/main.tf"/>
		<testcase name="[NONE][CKV_AWS_393] Ensure AWS GitHub Actions OIDC authorization policies only allow safe claims and claim order on IAM role" classname="/modules/ingestion/main.tf.module.ingestion.aws_iam_role.scheduler" file="/modules/ingestion/main.tf"/>
		<testcase name="[NONE][CKV_AWS_60] Ensure IAM role allows only specific services or principals to assume it" classname="/modules/ingestion/main.tf.module.ingestion.aws_iam_role.scheduler" file="/modules/ingestion/main.tf"/>
		<testcase name="[NONE][CKV_AWS_274] Disallow IAM roles, users, and groups from using the AWS AdministratorAccess policy" classname="/modules/ingestion/main.tf.module.ingestion.aws_iam_role.scheduler" file="/modules/ingestion/main.tf"/>
		<testcase name="[NONE][CKV_AWS_130] Ensure VPC subnets do not assign public IP by default" classname="/modules/network/main.tf.module.network.aws_subnet.app[0]" file="/modules/network/main.tf"/>
		<testcase name="[NONE][CKV_AWS_130] Ensure VPC subnets do not assign public IP by default" classname="/modules/network/main.tf.module.network.aws_subnet.data[0]" file="/modules/network/main.tf"/>
		<testcase name="[NONE][CKV_AWS_24] Ensure no security groups allow ingress from 0.0.0.0:0 to port 22" classname="/modules/network/main.tf.module.network.aws_security_group.alb" file="/modules/network/main.tf"/>
		<testcase name="[NONE][CKV_AWS_277] Ensure no security groups allow ingress from 0.0.0.0:0 to port -1" classname="/modules/network/main.tf.module.network.aws_security_group.alb" file="/modules/network/main.tf"/>
		<testcase name="[NONE][CKV_AWS_25] Ensure no security groups allow ingress from 0.0.0.0:0 to port 3389" classname="/modules/network/main.tf.module.network.aws_security_group.alb" file="/modules/network/main.tf"/>
		<testcase name="[NONE][CKV_AWS_24] Ensure no security groups allow ingress from 0.0.0.0:0 to port 22" classname="/modules/network/main.tf.module.network.aws_security_group.app" file="/modules/network/main.tf"/>
		<testcase name="[NONE][CKV_AWS_277] Ensure no security groups allow ingress from 0.0.0.0:0 to port -1" classname="/modules/network/main.tf.module.network.aws_security_group.app" file="/modules/network/main.tf"/>
		<testcase name="[NONE][CKV_AWS_25] Ensure no security groups allow ingress from 0.0.0.0:0 to port 3389" classname="/modules/network/main.tf.module.network.aws_security_group.app" file="/modules/network/main.tf"/>
		<testcase name="[NONE][CKV_AWS_260] Ensure no security groups allow ingress from 0.0.0.0:0 to port 80" classname="/modules/network/main.tf.module.network.aws_security_group.app" file="/modules/network/main.tf"/>
		<testcase name="[NONE][CKV_AWS_382] Ensure no security groups allow egress from 0.0.0.0:0 to port -1" classname="/modules/network/main.tf.module.network.aws_security_group.db" file="/modules/network/main.tf"/>
		<testcase name="[NONE][CKV_AWS_24] Ensure no security groups allow ingress from 0.0.0.0:0 to port 22" classname="/modules/network/main.tf.module.network.aws_security_group.db" file="/modules/network/main.tf"/>
		<testcase name="[NONE][CKV_AWS_277] Ensure no security groups allow ingress from 0.0.0.0:0 to port -1" classname="/modules/network/main.tf.module.network.aws_security_group.db" file="/modules/network/main.tf"/>
		<testcase name="[NONE][CKV_AWS_25] Ensure no security groups allow ingress from 0.0.0.0:0 to port 3389" classname="/modules/network/main.tf.module.network.aws_security_group.db" file="/modules/network/main.tf"/>
		<testcase name="[NONE][CKV_AWS_260] Ensure no security groups allow ingress from 0.0.0.0:0 to port 80" classname="/modules/network/main.tf.module.network.aws_security_group.db" file="/modules/network/main.tf"/>
		<testcase name="[NONE][CKV_AWS_130] Ensure VPC subnets do not assign public IP by default" classname="/modules/network/main.tf.module.network.aws_subnet.app[1]" file="/modules/network/main.tf"/>
		<testcase name="[NONE][CKV_AWS_130] Ensure VPC subnets do not assign public IP by default" classname="/modules/network/main.tf.module.network.aws_subnet.data[1]" file="/modules/network/main.tf"/>
		<testcase name="[NONE][CKV_AWS_319] Ensure that CloudWatch alarm actions are enabled" classname="/modules/observability/main.tf.module.observability.aws_cloudwatch_metric_alarm.asg_cpu" file="/modules/observability/main.tf"/>
		<testcase name="[NONE][CKV_AWS_319] Ensure that CloudWatch alarm actions are enabled" classname="/modules/observability/main.tf.module.observability.aws_cloudwatch_metric_alarm.rds_mem" file="/modules/observability/main.tf"/>
		<testcase name="[NONE][CKV_AWS_61] Ensure AWS IAM policy does not allow assume role permission across all services" classname="/modules/security/main.tf.module.security.aws_iam_role.app_instance" file="/modules/security/main.tf"/>
		<testcase name="[NONE][CKV_AWS_393] Ensure AWS GitHub Actions OIDC authorization policies only allow safe claims and claim order on IAM role" classname="/modules/security/main.tf.module.security.aws_iam_role.app_instance" file="/modules/security/main.tf"/>
		<testcase name="[NONE][CKV_AWS_60] Ensure IAM role allows only specific services or principals to assume it" classname="/modules/security/main.tf.module.security.aws_iam_role.app_instance" file="/modules/security/main.tf"/>
		<testcase name="[NONE][CKV_AWS_274] Disallow IAM roles, users, and groups from using the AWS AdministratorAccess policy" classname="/modules/security/main.tf.module.security.aws_iam_role.app_instance" file="/modules/security/main.tf"/>
		<testcase name="[NONE][CKV_AWS_286] Ensure IAM policies does not allow privilege escalation" classname="/modules/security/main.tf.module.security.aws_iam_role_policy.read_secret" file="/modules/security/main.tf"/>
		<testcase name="[NONE][CKV_AWS_63] Ensure no IAM policies documents allow &quot;*&quot; as a statement's actions" classname="/modules/security/main.tf.module.security.aws_iam_role_policy.read_secret" file="/modules/security/main.tf"/>
		<testcase name="[NONE][CKV_AWS_62] Ensure IAM policies that allow full &quot;*-*&quot; administrative privileges are not created" classname="/modules/security/main.tf.module.security.aws_iam_role_policy.read_secret" file="/modules/security/main.tf"/>
		<testcase name="[NONE][CKV_AWS_290] Ensure IAM policies does not allow write access without constraints" classname="/modules/security/main.tf.module.security.aws_iam_role_policy.read_secret" file="/modules/security/main.tf"/>
		<testcase name="[NONE][CKV_AWS_289] Ensure IAM policies does not allow permissions management / resource exposure without constraints" classname="/modules/security/main.tf.module.security.aws_iam_role_policy.read_secret" file="/modules/security/main.tf"/>
		<testcase name="[NONE][CKV_AWS_287] Ensure IAM policies does not allow credentials exposure" classname="/modules/security/main.tf.module.security.aws_iam_role_policy.read_secret" file="/modules/security/main.tf"/>
		<testcase name="[NONE][CKV_AWS_342] Ensure WAF rule has any actions" classname="/modules/security/main.tf.module.security.aws_wafv2_web_acl.main" file="/modules/security/main.tf"/>
		<testcase name="[NONE][CKV_AWS_175] Ensure WAF has associated rules" classname="/modules/security/main.tf.module.security.aws_wafv2_web_acl.main" file="/modules/security/main.tf"/>
		<testcase name="[NONE][CKV_AWS_41] Ensure no hard coded AWS access key and secret key exists in provider" classname="/providers.tf.aws.default" file="/providers.tf"/>
		<testcase name="[NONE][CKV2_AWS_35] AWS NAT Gateways should be utilized for the default route" classname="/modules/network/main.tf.module.network.aws_route_table.public" file="/modules/network/main.tf"/>
		<testcase name="[NONE][CKV2_AWS_35] AWS NAT Gateways should be utilized for the default route" classname="/modules/network/main.tf.module.network.aws_route_table.private" file="/modules/network/main.tf"/>
		<testcase name="[NONE][CKV2_AWS_40] Ensure AWS IAM policy does not allow full IAM privileges" classname="/modules/security/main.tf.module.security.aws_iam_role_policy.read_secret" file="/modules/security/main.tf"/>
		<testcase name="[NONE][CKV2_AWS_73] Ensure AWS SQS uses CMK not AWS default keys for encryption" classname="/modules/ingestion/main.tf.module.ingestion.aws_sqs_queue.dlq" file="/modules/ingestion/main.tf"/>
		<testcase name="[NONE][CKV2_AWS_74] Ensure AWS Load Balancers use strong ciphers" classname="/modules/compute/main.tf.module.compute.aws_lb_listener.http" file="/modules/compute/main.tf"/>
		<testcase name="[NONE][CKV2_AWS_56] Ensure AWS Managed IAMFullAccess IAM policy is not used." classname="/modules/ingestion/main.tf.module.ingestion.aws_iam_role.ingest" file="/modules/ingestion/main.tf"/>
		<testcase name="[NONE][CKV2_AWS_56] Ensure AWS Managed IAMFullAccess IAM policy is not used." classname="/modules/ingestion/main.tf.module.ingestion.aws_iam_role_policy_attachment.ingest_basic" file="/modules/ingestion/main.tf"/>
		<testcase name="[NONE][CKV2_AWS_56] Ensure AWS Managed IAMFullAccess IAM policy is not used." classname="/modules/ingestion/main.tf.module.ingestion.aws_iam_role.scheduler" file="/modules/ingestion/main.tf"/>
		<testcase name="[NONE][CKV2_AWS_56] Ensure AWS Managed IAMFullAccess IAM policy is not used." classname="/modules/security/main.tf.module.security.aws_iam_role.app_instance" file="/modules/security/main.tf"/>
		<testcase name="[NONE][CKV_AWS_20] S3 Bucket has an ACL defined which allows public READ access." classname="/bootstrap/main.tf.aws_s3_bucket.state" file="/bootstrap/main.tf"/>
		<testcase name="[NONE][CKV_AWS_20] S3 Bucket has an ACL defined which allows public READ access." classname="/modules/ingestion/main.tf.module.ingestion.aws_s3_bucket.ingest" file="/modules/ingestion/main.tf"/>
		<testcase name="[NONE][CKV2_AWS_44] Ensure AWS route table with VPC peering does not contain routes overly permissive to all traffic" classname="/modules/network/main.tf.module.network.aws_route_table.public" file="/modules/network/main.tf"/>
		<testcase name="[NONE][CKV2_AWS_44] Ensure AWS route table with VPC peering does not contain routes overly permissive to all traffic" classname="/modules/network/main.tf.module.network.aws_route_table.private" file="/modules/network/main.tf"/>
		<testcase name="[NONE][CKV_AWS_21] Ensure all data stored in the S3 bucket have versioning enabled" classname="/bootstrap/main.tf.aws_s3_bucket.state" file="/bootstrap/main.tf"/>
		<testcase name="[NONE][CKV_AWS_19] Ensure all data stored in the S3 bucket is securely encrypted at rest" classname="/bootstrap/main.tf.aws_s3_bucket.state" file="/bootstrap/main.tf"/>
		<testcase name="[NONE][CKV_AWS_19] Ensure all data stored in the S3 bucket is securely encrypted at rest" classname="/modules/ingestion/main.tf.module.ingestion.aws_s3_bucket.ingest" file="/modules/ingestion/main.tf"/>
		<testcase name="[NONE][CKV2_AWS_62] Ensure S3 buckets should have event notifications enabled" classname="/modules/ingestion/main.tf.module.ingestion.aws_s3_bucket.ingest" file="/modules/ingestion/main.tf"/>
		<testcase name="[NONE][CKV2_AWS_69] Ensure AWS RDS database instance configured with encryption in transit" classname="/modules/data/main.tf.module.data.aws_db_instance.postgres" file="/modules/data/main.tf"/>
		<testcase name="[NONE][CKV2_AWS_75] Ensure no open CORS policy" classname="/modules/ingestion/main.tf.module.ingestion.aws_lambda_function.download" file="/modules/ingestion/main.tf"/>
		<testcase name="[NONE][CKV2_AWS_75] Ensure no open CORS policy" classname="/modules/ingestion/main.tf.module.ingestion.aws_lambda_function.load" file="/modules/ingestion/main.tf"/>
		<testcase name="[NONE][CKV_AWS_57] S3 Bucket has an ACL defined which allows public WRITE access." classname="/bootstrap/main.tf.aws_s3_bucket.state" file="/bootstrap/main.tf"/>
		<testcase name="[NONE][CKV_AWS_57] S3 Bucket has an ACL defined which allows public WRITE access." classname="/modules/ingestion/main.tf.module.ingestion.aws_s3_bucket.ingest" file="/modules/ingestion/main.tf"/>
		<testcase name="[NONE][CKV2_AWS_6] Ensure that S3 bucket has a Public Access block" classname="/bootstrap/main.tf.aws_s3_bucket.state" file="/bootstrap/main.tf"/>
		<testcase name="[NONE][CKV2_AWS_6] Ensure that S3 bucket has a Public Access block" classname="/modules/ingestion/main.tf.module.ingestion.aws_s3_bucket.ingest" file="/modules/ingestion/main.tf"/>
		<testcase name="[NONE][CKV2_AWS_16] Ensure that Auto Scaling is enabled on your DynamoDB tables" classname="/bootstrap/main.tf.aws_dynamodb_table.lock" file="/bootstrap/main.tf"/>
		<testcase name="[NONE][CKV2_AWS_28] Ensure public facing ALB are protected by WAF" classname="/modules/compute/main.tf.module.compute.aws_lb.app" file="/modules/compute/main.tf"/>
		<testcase name="[NONE][CKV_AWS_119] Ensure DynamoDB Tables are encrypted using a KMS Customer Managed CMK" classname="/bootstrap/main.tf.aws_dynamodb_table.lock" file="/bootstrap/main.tf">
			<failure type="failure" message="Ensure DynamoDB Tables are encrypted using a KMS Customer Managed CMK">
Resource: aws_dynamodb_table.lock
File: /bootstrap/main.tf: 81-89
Guideline: https://docs.prismacloud.io/en/enterprise-edition/policy-reference/aws-policies/aws-general-policies/bc-aws-52

		81 | resource &quot;aws_dynamodb_table&quot; &quot;lock&quot; {
		82 |   name         = var.lock_table
		83 |   billing_mode = &quot;PAY_PER_REQUEST&quot;
		84 |   hash_key     = &quot;LockID&quot;
		85 |   attribute {
		86 |     name = &quot;LockID&quot;
		87 |     type = &quot;S&quot;
		88 |   }
		89 | }
</failure>
		</testcase>
		<testcase name="[NONE][CKV_AWS_28] Ensure DynamoDB point in time recovery (backup) is enabled" classname="/bootstrap/main.tf.aws_dynamodb_table.lock" file="/bootstrap/main.tf">
			<failure type="failure" message="Ensure DynamoDB point in time recovery (backup) is enabled">
Resource: aws_dynamodb_table.lock
File: /bootstrap/main.tf: 81-89
Guideline: https://docs.prismacloud.io/en/enterprise-edition/policy-reference/aws-policies/aws-general-policies/general-6

		81 | resource &quot;aws_dynamodb_table&quot; &quot;lock&quot; {
		82 |   name         = var.lock_table
		83 |   billing_mode = &quot;PAY_PER_REQUEST&quot;
		84 |   hash_key     = &quot;LockID&quot;
		85 |   attribute {
		86 |     name = &quot;LockID&quot;
		87 |     type = &quot;S&quot;
		88 |   }
		89 | }
</failure>
		</testcase>
		<testcase name="[NONE][CKV_AWS_131] Ensure that ALB drops HTTP headers" classname="/modules/compute/main.tf.module.compute.aws_lb.app" file="/modules/compute/main.tf">
			<failure type="failure" message="Ensure that ALB drops HTTP headers">
Resource: module.compute.aws_lb.app
File: /modules/compute/main.tf: 15-20
Guideline: https://docs.prismacloud.io/en/enterprise-edition/policy-reference/aws-policies/aws-networking-policies/ensure-that-alb-drops-http-headers

		15 | resource &quot;aws_lb&quot; &quot;app&quot; {
		16 |   name               = &quot;medbot-alb&quot;
		17 |   load_balancer_type = &quot;application&quot;
		18 |   security_groups    = [var.alb_sg_id]
		19 |   subnets            = var.public_subnet_ids
		20 | }
</failure>
		</testcase>
		<testcase name="[NONE][CKV_AWS_150] Ensure that Load Balancer has deletion protection enabled" classname="/modules/compute/main.tf.module.compute.aws_lb.app" file="/modules/compute/main.tf">
			<failure type="failure" message="Ensure that Load Balancer has deletion protection enabled">
Resource: module.compute.aws_lb.app
File: /modules/compute/main.tf: 15-20
Guideline: https://docs.prismacloud.io/en/enterprise-edition/policy-reference/aws-policies/aws-general-policies/bc-aws-150

		15 | resource &quot;aws_lb&quot; &quot;app&quot; {
		16 |   name               = &quot;medbot-alb&quot;
		17 |   load_balancer_type = &quot;application&quot;
		18 |   security_groups    = [var.alb_sg_id]
		19 |   subnets            = var.public_subnet_ids
		20 | }
</failure>
		</testcase>
		<testcase name="[NONE][CKV_AWS_91] Ensure the ELBv2 (Application/Network) has access logging enabled" classname="/modules/compute/main.tf.module.compute.aws_lb.app" file="/modules/compute/main.tf">
			<failure type="failure" message="Ensure the ELBv2 (Application/Network) has access logging enabled">
Resource: module.compute.aws_lb.app
File: /modules/compute/main.tf: 15-20
Guideline: https://docs.prismacloud.io/en/enterprise-edition/policy-reference/aws-policies/aws-logging-policies/bc-aws-logging-22

		15 | resource &quot;aws_lb&quot; &quot;app&quot; {
		16 |   name               = &quot;medbot-alb&quot;
		17 |   load_balancer_type = &quot;application&quot;
		18 |   security_groups    = [var.alb_sg_id]
		19 |   subnets            = var.public_subnet_ids
		20 | }
</failure>
		</testcase>
		<testcase name="[NONE][CKV_AWS_2] Ensure ALB protocol is HTTPS" classname="/modules/compute/main.tf.module.compute.aws_lb_listener.http" file="/modules/compute/main.tf">
			<failure type="failure" message="Ensure ALB protocol is HTTPS">
Resource: module.compute.aws_lb_listener.http
File: /modules/compute/main.tf: 41-50
Guideline: https://docs.prismacloud.io/en/enterprise-edition/policy-reference/aws-policies/aws-networking-policies/networking-29

		41 | resource &quot;aws_lb_listener&quot; &quot;http&quot; {
		42 |   load_balancer_arn = aws_lb.app.arn
		43 |   port              = 80
		44 |   protocol          = &quot;HTTP&quot;
		45 |   # TODO: en prod, redirigir 80 -&gt; 443 y poner un listener 443 con certificado ACM.
		46 |   default_action {
		47 |     type             = &quot;forward&quot;
		48 |     target_group_arn = aws_lb_target_group.app.arn
		49 |   }
		50 | }
</failure>
		</testcase>
		<testcase name="[NONE][CKV_AWS_79] Ensure Instance Metadata Service Version 1 is not enabled" classname="/modules/compute/main.tf.module.compute.aws_launch_template.app" file="/modules/compute/main.tf">
			<failure type="failure" message="Ensure Instance Metadata Service Version 1 is not enabled">
Resource: module.compute.aws_launch_template.app
File: /modules/compute/main.tf: 53-63
Guideline: https://docs.prismacloud.io/en/enterprise-edition/policy-reference/aws-policies/aws-general-policies/bc-aws-general-31

		53 | resource &quot;aws_launch_template&quot; &quot;app&quot; {
		54 |   name_prefix   = &quot;medbot-app-&quot;
		55 |   image_id      = data.aws_ami.al2023.id
		56 |   instance_type = &quot;t3.small&quot;
		57 |   iam_instance_profile { name = var.app_instance_role }
		58 |   vpc_security_group_ids = [var.app_sg_id]
		59 |   user_data = base64encode(templatefile(&quot;${path.module}/user_data.sh.tpl&quot;, {
		60 |     app_image     = var.app_image
		61 |     db_secret_arn = var.db_secret_arn
		62 |   }))
		63 | }
</failure>
		</testcase>
		<testcase name="[NONE][CKV_AWS_149] Ensure that Secrets Manager secret is encrypted using KMS CMK" classname="/modules/data/main.tf.module.data.aws_secretsmanager_secret.db" file="/modules/data/main.tf">
			<failure type="failure" message="Ensure that Secrets Manager secret is encrypted using KMS CMK">
Resource: module.data.aws_secretsmanager_secret.db
File: /modules/data/main.tf: 16-18
Guideline: https://docs.prismacloud.io/en/enterprise-edition/policy-reference/aws-policies/aws-general-policies/ensure-that-secrets-manager-secret-is-encrypted-using-kms

		16 | resource &quot;aws_secretsmanager_secret&quot; &quot;db&quot; {
		17 |   name = &quot;medbot/db/credentials&quot;
		18 | }
</failure>
		</testcase>
		<testcase name="[NONE][CKV_AWS_353] Ensure that RDS instances have performance insights enabled" classname="/modules/data/main.tf.module.data.aws_db_instance.postgres" file="/modules/data/main.tf">
			<failure type="failure" message="Ensure that RDS instances have performance insights enabled">
Resource: module.data.aws_db_instance.postgres
File: /modules/data/main.tf: 20-37
Guideline: https://docs.prismacloud.io/en/enterprise-edition/policy-reference/aws-policies/aws-logging-policies/bc-aws-353

		20 | resource &quot;aws_db_instance&quot; &quot;postgres&quot; {
		21 |   identifier              = &quot;medbot-db&quot;
		22 |   engine                  = &quot;postgres&quot;
		23 |   engine_version          = &quot;16&quot;
		24 |   instance_class          = var.instance_class
		25 |   allocated_storage       = 20
		26 |   storage_encrypted       = true
		27 |   db_name                 = &quot;medbot&quot;
		28 |   username                = &quot;medbot_admin&quot;
		29 |   password                = random_password.db.result
		30 |   multi_az                = true # &lt;-- alta disponibilidad: standby sincrono en otra AZ
		31 |   db_subnet_group_name    = aws_db_subnet_group.this.name
		32 |   vpc_security_group_ids  = [var.db_sg_id]
		33 |   backup_retention_period = 7
		34 |   skip_final_snapshot     = true # OK para dev; en prod debe ser false
		35 |   deletion_protection     = false
		36 |   # performance_insights_enabled = true  # recomendado: alimenta la observabilidad de la BD
		37 | }
</failure>
		</testcase>
		<testcase name="[NONE][CKV_AWS_226] Ensure DB instance gets all minor upgrades automatically" classname="/modules/data/main.tf.module.data.aws_db_instance.postgres" file="/modules/data/main.tf">
			<failure type="failure" message="Ensure DB instance gets all minor upgrades automatically">
Resource: module.data.aws_db_instance.postgres
File: /modules/data/main.tf: 20-37
Guideline: https://docs.prismacloud.io/en/enterprise-edition/policy-reference/aws-policies/aws-general-policies/ensure-aws-db-instance-gets-all-minor-upgrades-automatically

		20 | resource &quot;aws_db_instance&quot; &quot;postgres&quot; {
		21 |   identifier              = &quot;medbot-db&quot;
		22 |   engine                  = &quot;postgres&quot;
		23 |   engine_version          = &quot;16&quot;
		24 |   instance_class          = var.instance_class
		25 |   allocated_storage       = 20
		26 |   storage_encrypted       = true
		27 |   db_name                 = &quot;medbot&quot;
		28 |   username                = &quot;medbot_admin&quot;
		29 |   password                = random_password.db.result
		30 |   multi_az                = true # &lt;-- alta disponibilidad: standby sincrono en otra AZ
		31 |   db_subnet_group_name    = aws_db_subnet_group.this.name
		32 |   vpc_security_group_ids  = [var.db_sg_id]
		33 |   backup_retention_period = 7
		34 |   skip_final_snapshot     = true # OK para dev; en prod debe ser false
		35 |   deletion_protection     = false
		36 |   # performance_insights_enabled = true  # recomendado: alimenta la observabilidad de la BD
		37 | }
</failure>
		</testcase>
		<testcase name="[NONE][CKV_AWS_161] Ensure RDS database has IAM authentication enabled" classname="/modules/data/main.tf.module.data.aws_db_instance.postgres" file="/modules/data/main.tf">
			<failure type="failure" message="Ensure RDS database has IAM authentication enabled">
Resource: module.data.aws_db_instance.postgres
File: /modules/data/main.tf: 20-37
Guideline: https://docs.prismacloud.io/en/enterprise-edition/policy-reference/aws-policies/aws-iam-policies/ensure-rds-database-has-iam-authentication-enabled

		20 | resource &quot;aws_db_instance&quot; &quot;postgres&quot; {
		21 |   identifier              = &quot;medbot-db&quot;
		22 |   engine                  = &quot;postgres&quot;
		23 |   engine_version          = &quot;16&quot;
		24 |   instance_class          = var.instance_class
		25 |   allocated_storage       = 20
		26 |   storage_encrypted       = true
		27 |   db_name                 = &quot;medbot&quot;
		28 |   username                = &quot;medbot_admin&quot;
		29 |   password                = random_password.db.result
		30 |   multi_az                = true # &lt;-- alta disponibilidad: standby sincrono en otra AZ
		31 |   db_subnet_group_name    = aws_db_subnet_group.this.name
		32 |   vpc_security_group_ids  = [var.db_sg_id]
		33 |   backup_retention_period = 7
		34 |   skip_final_snapshot     = true # OK para dev; en prod debe ser false
		35 |   deletion_protection     = false
		36 |   # performance_insights_enabled = true  # recomendado: alimenta la observabilidad de la BD
		37 | }
</failure>
		</testcase>
		<testcase name="[NONE][CKV_AWS_118] Ensure that enhanced monitoring is enabled for Amazon RDS instances" classname="/modules/data/main.tf.module.data.aws_db_instance.postgres" file="/modules/data/main.tf">
			<failure type="failure" message="Ensure that enhanced monitoring is enabled for Amazon RDS instances">
Resource: module.data.aws_db_instance.postgres
File: /modules/data/main.tf: 20-37
Guideline: https://docs.prismacloud.io/en/enterprise-edition/policy-reference/aws-policies/aws-logging-policies/ensure-that-enhanced-monitoring-is-enabled-for-amazon-rds-instances

		20 | resource &quot;aws_db_instance&quot; &quot;postgres&quot; {
		21 |   identifier              = &quot;medbot-db&quot;
		22 |   engine                  = &quot;postgres&quot;
		23 |   engine_version          = &quot;16&quot;
		24 |   instance_class          = var.instance_class
		25 |   allocated_storage       = 20
		26 |   storage_encrypted       = true
		27 |   db_name                 = &quot;medbot&quot;
		28 |   username                = &quot;medbot_admin&quot;
		29 |   password                = random_password.db.result
		30 |   multi_az                = true # &lt;-- alta disponibilidad: standby sincrono en otra AZ
		31 |   db_subnet_group_name    = aws_db_subnet_group.this.name
		32 |   vpc_security_group_ids  = [var.db_sg_id]
		33 |   backup_retention_period = 7
		34 |   skip_final_snapshot     = true # OK para dev; en prod debe ser false
		35 |   deletion_protection     = false
		36 |   # performance_insights_enabled = true  # recomendado: alimenta la observabilidad de la BD
		37 | }
</failure>
		</testcase>
		<testcase name="[NONE][CKV_AWS_129] Ensure that respective logs of Amazon Relational Database Service (Amazon RDS) are enabled" classname="/modules/data/main.tf.module.data.aws_db_instance.postgres" file="/modules/data/main.tf">
			<failure type="failure" message="Ensure that respective logs of Amazon Relational Database Service (Amazon RDS) are enabled">
Resource: module.data.aws_db_instance.postgres
File: /modules/data/main.tf: 20-37
Guideline: https://docs.prismacloud.io/en/enterprise-edition/policy-reference/aws-policies/aws-iam-policies/ensure-that-respective-logs-of-amazon-relational-database-service-amazon-rds-are-enabled

		20 | resource &quot;aws_db_instance&quot; &quot;postgres&quot; {
		21 |   identifier              = &quot;medbot-db&quot;
		22 |   engine                  = &quot;postgres&quot;
		23 |   engine_version          = &quot;16&quot;
		24 |   instance_class          = var.instance_class
		25 |   allocated_storage       = 20
		26 |   storage_encrypted       = true
		27 |   db_name                 = &quot;medbot&quot;
		28 |   username                = &quot;medbot_admin&quot;
		29 |   password                = random_password.db.result
		30 |   multi_az                = true # &lt;-- alta disponibilidad: standby sincrono en otra AZ
		31 |   db_subnet_group_name    = aws_db_subnet_group.this.name
		32 |   vpc_security_group_ids  = [var.db_sg_id]
		33 |   backup_retention_period = 7
		34 |   skip_final_snapshot     = true # OK para dev; en prod debe ser false
		35 |   deletion_protection     = false
		36 |   # performance_insights_enabled = true  # recomendado: alimenta la observabilidad de la BD
		37 | }
</failure>
		</testcase>
		<testcase name="[NONE][CKV_AWS_293] Ensure that AWS database instances have deletion protection enabled" classname="/modules/data/main.tf.module.data.aws_db_instance.postgres" file="/modules/data/main.tf">
			<failure type="failure" message="Ensure that AWS database instances have deletion protection enabled">
Resource: module.data.aws_db_instance.postgres
File: /modules/data/main.tf: 20-37
Guideline: https://docs.prismacloud.io/en/enterprise-edition/policy-reference/aws-policies/aws-general-policies/bc-aws-293

		20 | resource &quot;aws_db_instance&quot; &quot;postgres&quot; {
		21 |   identifier              = &quot;medbot-db&quot;
		22 |   engine                  = &quot;postgres&quot;
		23 |   engine_version          = &quot;16&quot;
		24 |   instance_class          = var.instance_class
		25 |   allocated_storage       = 20
		26 |   storage_encrypted       = true
		27 |   db_name                 = &quot;medbot&quot;
		28 |   username                = &quot;medbot_admin&quot;
		29 |   password                = random_password.db.result
		30 |   multi_az                = true # &lt;-- alta disponibilidad: standby sincrono en otra AZ
		31 |   db_subnet_group_name    = aws_db_subnet_group.this.name
		32 |   vpc_security_group_ids  = [var.db_sg_id]
		33 |   backup_retention_period = 7
		34 |   skip_final_snapshot     = true # OK para dev; en prod debe ser false
		35 |   deletion_protection     = false
		36 |   # performance_insights_enabled = true  # recomendado: alimenta la observabilidad de la BD
		37 | }
</failure>
		</testcase>
		<testcase name="[NONE][CKV_AWS_27] Ensure all data stored in the SQS queue is encrypted" classname="/modules/ingestion/main.tf.module.ingestion.aws_sqs_queue.dlq" file="/modules/ingestion/main.tf">
			<failure type="failure" message="Ensure all data stored in the SQS queue is encrypted">
Resource: module.ingestion.aws_sqs_queue.dlq
File: /modules/ingestion/main.tf: 32-34
Guideline: https://docs.prismacloud.io/en/enterprise-edition/policy-reference/aws-policies/aws-general-policies/general-16-encrypt-sqs-queue

		32 | resource &quot;aws_sqs_queue&quot; &quot;dlq&quot; {
		33 |   name = &quot;medbot-ingest-dlq&quot;
		34 | }
</failure>
		</testcase>
		<testcase name="[NONE][CKV_AWS_50] X-Ray tracing is enabled for Lambda" classname="/modules/ingestion/main.tf.module.ingestion.aws_lambda_function.download" file="/modules/ingestion/main.tf">
			<failure type="failure" message="X-Ray tracing is enabled for Lambda">
Resource: module.ingestion.aws_lambda_function.download
File: /modules/ingestion/main.tf: 73-87
Guideline: https://docs.prismacloud.io/en/enterprise-edition/policy-reference/aws-policies/aws-serverless-policies/bc-aws-serverless-4

		73 | resource &quot;aws_lambda_function&quot; &quot;download&quot; {
		74 |   function_name    = &quot;medbot-ingest-download&quot;
		75 |   runtime          = &quot;python3.12&quot;
		76 |   handler          = &quot;handler.main&quot;
		77 |   filename         = data.archive_file.download.output_path
		78 |   source_code_hash = data.archive_file.download.output_base64sha256
		79 |   timeout          = 120
		80 |   role             = aws_iam_role.ingest.arn
		81 |   environment {
		82 |     variables = {
		83 |       SOURCE_URL = var.medlineplus_url
		84 |       BUCKET     = aws_s3_bucket.ingest.id
		85 |     }
		86 |   }
		87 | }
</failure>
		</testcase>
		<testcase name="[NONE][CKV_AWS_115] Ensure that AWS Lambda function is configured for function-level concurrent execution limit" classname="/modules/ingestion/main.tf.module.ingestion.aws_lambda_function.download" file="/modules/ingestion/main.tf">
			<failure type="failure" message="Ensure that AWS Lambda function is configured for function-level concurrent execution limit">
Resource: module.ingestion.aws_lambda_function.download
File: /modules/ingestion/main.tf: 73-87
Guideline: https://docs.prismacloud.io/en/enterprise-edition/policy-reference/aws-policies/aws-general-policies/ensure-that-aws-lambda-function-is-configured-for-function-level-concurrent-execution-limit

		73 | resource &quot;aws_lambda_function&quot; &quot;download&quot; {
		74 |   function_name    = &quot;medbot-ingest-download&quot;
		75 |   runtime          = &quot;python3.12&quot;
		76 |   handler          = &quot;handler.main&quot;
		77 |   filename         = data.archive_file.download.output_path
		78 |   source_code_hash = data.archive_file.download.output_base64sha256
		79 |   timeout          = 120
		80 |   role             = aws_iam_role.ingest.arn
		81 |   environment {
		82 |     variables = {
		83 |       SOURCE_URL = var.medlineplus_url
		84 |       BUCKET     = aws_s3_bucket.ingest.id
		85 |     }
		86 |   }
		87 | }
</failure>
		</testcase>
		<testcase name="[NONE][CKV_AWS_116] Ensure that AWS Lambda function is configured for a Dead Letter Queue(DLQ)" classname="/modules/ingestion/main.tf.module.ingestion.aws_lambda_function.download" file="/modules/ingestion/main.tf">
			<failure type="failure" message="Ensure that AWS Lambda function is configured for a Dead Letter Queue(DLQ)">
Resource: module.ingestion.aws_lambda_function.download
File: /modules/ingestion/main.tf: 73-87
Guideline: https://docs.prismacloud.io/en/enterprise-edition/policy-reference/aws-policies/aws-general-policies/ensure-that-aws-lambda-function-is-configured-for-a-dead-letter-queue-dlq

		73 | resource &quot;aws_lambda_function&quot; &quot;download&quot; {
		74 |   function_name    = &quot;medbot-ingest-download&quot;
		75 |   runtime          = &quot;python3.12&quot;
		76 |   handler          = &quot;handler.main&quot;
		77 |   filename         = data.archive_file.download.output_path
		78 |   source_code_hash = data.archive_file.download.output_base64sha256
		79 |   timeout          = 120
		80 |   role             = aws_iam_role.ingest.arn
		81 |   environment {
		82 |     variables = {
		83 |       SOURCE_URL = var.medlineplus_url
		84 |       BUCKET     = aws_s3_bucket.ingest.id
		85 |     }
		86 |   }
		87 | }
</failure>
		</testcase>
		<testcase name="[NONE][CKV_AWS_272] Ensure AWS Lambda function is configured to validate code-signing" classname="/modules/ingestion/main.tf.module.ingestion.aws_lambda_function.download" file="/modules/ingestion/main.tf">
			<failure type="failure" message="Ensure AWS Lambda function is configured to validate code-signing">
Resource: module.ingestion.aws_lambda_function.download
File: /modules/ingestion/main.tf: 73-87
Guideline: https://docs.prismacloud.io/en/enterprise-edition/policy-reference/aws-policies/aws-general-policies/bc-aws-272

		73 | resource &quot;aws_lambda_function&quot; &quot;download&quot; {
		74 |   function_name    = &quot;medbot-ingest-download&quot;
		75 |   runtime          = &quot;python3.12&quot;
		76 |   handler          = &quot;handler.main&quot;
		77 |   filename         = data.archive_file.download.output_path
		78 |   source_code_hash = data.archive_file.download.output_base64sha256
		79 |   timeout          = 120
		80 |   role             = aws_iam_role.ingest.arn
		81 |   environment {
		82 |     variables = {
		83 |       SOURCE_URL = var.medlineplus_url
		84 |       BUCKET     = aws_s3_bucket.ingest.id
		85 |     }
		86 |   }
		87 | }
</failure>
		</testcase>
		<testcase name="[NONE][CKV_AWS_117] Ensure that AWS Lambda function is configured inside a VPC" classname="/modules/ingestion/main.tf.module.ingestion.aws_lambda_function.download" file="/modules/ingestion/main.tf">
			<failure type="failure" message="Ensure that AWS Lambda function is configured inside a VPC">
Resource: module.ingestion.aws_lambda_function.download
File: /modules/ingestion/main.tf: 73-87
Guideline: https://docs.prismacloud.io/en/enterprise-edition/policy-reference/aws-policies/aws-general-policies/ensure-that-aws-lambda-function-is-configured-inside-a-vpc-1

		73 | resource &quot;aws_lambda_function&quot; &quot;download&quot; {
		74 |   function_name    = &quot;medbot-ingest-download&quot;
		75 |   runtime          = &quot;python3.12&quot;
		76 |   handler          = &quot;handler.main&quot;
		77 |   filename         = data.archive_file.download.output_path
		78 |   source_code_hash = data.archive_file.download.output_base64sha256
		79 |   timeout          = 120
		80 |   role             = aws_iam_role.ingest.arn
		81 |   environment {
		82 |     variables = {
		83 |       SOURCE_URL = var.medlineplus_url
		84 |       BUCKET     = aws_s3_bucket.ingest.id
		85 |     }
		86 |   }
		87 | }
</failure>
		</testcase>
		<testcase name="[NONE][CKV_AWS_173] Check encryption settings for Lambda environmental variable" classname="/modules/ingestion/main.tf.module.ingestion.aws_lambda_function.download" file="/modules/ingestion/main.tf">
			<failure type="failure" message="Check encryption settings for Lambda environmental variable">
Resource: module.ingestion.aws_lambda_function.download
File: /modules/ingestion/main.tf: 73-87
Guideline: https://docs.prismacloud.io/en/enterprise-edition/policy-reference/aws-policies/aws-serverless-policies/bc-aws-serverless-5

		73 | resource &quot;aws_lambda_function&quot; &quot;download&quot; {
		74 |   function_name    = &quot;medbot-ingest-download&quot;
		75 |   runtime          = &quot;python3.12&quot;
		76 |   handler          = &quot;handler.main&quot;
		77 |   filename         = data.archive_file.download.output_path
		78 |   source_code_hash = data.archive_file.download.output_base64sha256
		79 |   timeout          = 120
		80 |   role             = aws_iam_role.ingest.arn
		81 |   environment {
		82 |     variables = {
		83 |       SOURCE_URL = var.medlineplus_url
		84 |       BUCKET     = aws_s3_bucket.ingest.id
		85 |     }
		86 |   }
		87 | }
</failure>
		</testcase>
		<testcase name="[NONE][CKV_AWS_50] X-Ray tracing is enabled for Lambda" classname="/modules/ingestion/main.tf.module.ingestion.aws_lambda_function.load" file="/modules/ingestion/main.tf">
			<failure type="failure" message="X-Ray tracing is enabled for Lambda">
Resource: module.ingestion.aws_lambda_function.load
File: /modules/ingestion/main.tf: 90-109
Guideline: https://docs.prismacloud.io/en/enterprise-edition/policy-reference/aws-policies/aws-serverless-policies/bc-aws-serverless-4

		90  | resource &quot;aws_lambda_function&quot; &quot;load&quot; {
		91  |   function_name    = &quot;medbot-ingest-load&quot;
		92  |   runtime          = &quot;python3.12&quot;
		93  |   handler          = &quot;handler.main&quot;
		94  |   filename         = data.archive_file.load.output_path
		95  |   source_code_hash = data.archive_file.load.output_base64sha256
		96  |   timeout          = 300
		97  |   role             = aws_iam_role.ingest.arn
		98  |   vpc_config {
		99  |     subnet_ids         = var.app_subnet_ids
		100 |     security_group_ids = [var.app_sg_id]
		101 |   }
		102 |   environment {
		103 |     variables = {
		104 |       BUCKET        = aws_s3_bucket.ingest.id
		105 |       DB_SECRET_ARN = var.db_secret_arn
		106 |     }
		107 |   }
		108 |   dead_letter_config { target_arn = aws_sqs_queue.dlq.arn }
		109 | }
</failure>
		</testcase>
		<testcase name="[NONE][CKV_AWS_115] Ensure that AWS Lambda function is configured for function-level concurrent execution limit" classname="/modules/ingestion/main.tf.module.ingestion.aws_lambda_function.load" file="/modules/ingestion/main.tf">
			<failure type="failure" message="Ensure that AWS Lambda function is configured for function-level concurrent execution limit">
Resource: module.ingestion.aws_lambda_function.load
File: /modules/ingestion/main.tf: 90-109
Guideline: https://docs.prismacloud.io/en/enterprise-edition/policy-reference/aws-policies/aws-general-policies/ensure-that-aws-lambda-function-is-configured-for-function-level-concurrent-execution-limit

		90  | resource &quot;aws_lambda_function&quot; &quot;load&quot; {
		91  |   function_name    = &quot;medbot-ingest-load&quot;
		92  |   runtime          = &quot;python3.12&quot;
		93  |   handler          = &quot;handler.main&quot;
		94  |   filename         = data.archive_file.load.output_path
		95  |   source_code_hash = data.archive_file.load.output_base64sha256
		96  |   timeout          = 300
		97  |   role             = aws_iam_role.ingest.arn
		98  |   vpc_config {
		99  |     subnet_ids         = var.app_subnet_ids
		100 |     security_group_ids = [var.app_sg_id]
		101 |   }
		102 |   environment {
		103 |     variables = {
		104 |       BUCKET        = aws_s3_bucket.ingest.id
		105 |       DB_SECRET_ARN = var.db_secret_arn
		106 |     }
		107 |   }
		108 |   dead_letter_config { target_arn = aws_sqs_queue.dlq.arn }
		109 | }
</failure>
		</testcase>
		<testcase name="[NONE][CKV_AWS_272] Ensure AWS Lambda function is configured to validate code-signing" classname="/modules/ingestion/main.tf.module.ingestion.aws_lambda_function.load" file="/modules/ingestion/main.tf">
			<failure type="failure" message="Ensure AWS Lambda function is configured to validate code-signing">
Resource: module.ingestion.aws_lambda_function.load
File: /modules/ingestion/main.tf: 90-109
Guideline: https://docs.prismacloud.io/en/enterprise-edition/policy-reference/aws-policies/aws-general-policies/bc-aws-272

		90  | resource &quot;aws_lambda_function&quot; &quot;load&quot; {
		91  |   function_name    = &quot;medbot-ingest-load&quot;
		92  |   runtime          = &quot;python3.12&quot;
		93  |   handler          = &quot;handler.main&quot;
		94  |   filename         = data.archive_file.load.output_path
		95  |   source_code_hash = data.archive_file.load.output_base64sha256
		96  |   timeout          = 300
		97  |   role             = aws_iam_role.ingest.arn
		98  |   vpc_config {
		99  |     subnet_ids         = var.app_subnet_ids
		100 |     security_group_ids = [var.app_sg_id]
		101 |   }
		102 |   environment {
		103 |     variables = {
		104 |       BUCKET        = aws_s3_bucket.ingest.id
		105 |       DB_SECRET_ARN = var.db_secret_arn
		106 |     }
		107 |   }
		108 |   dead_letter_config { target_arn = aws_sqs_queue.dlq.arn }
		109 | }
</failure>
		</testcase>
		<testcase name="[NONE][CKV_AWS_173] Check encryption settings for Lambda environmental variable" classname="/modules/ingestion/main.tf.module.ingestion.aws_lambda_function.load" file="/modules/ingestion/main.tf">
			<failure type="failure" message="Check encryption settings for Lambda environmental variable">
Resource: module.ingestion.aws_lambda_function.load
File: /modules/ingestion/main.tf: 90-109
Guideline: https://docs.prismacloud.io/en/enterprise-edition/policy-reference/aws-policies/aws-serverless-policies/bc-aws-serverless-5

		90  | resource &quot;aws_lambda_function&quot; &quot;load&quot; {
		91  |   function_name    = &quot;medbot-ingest-load&quot;
		92  |   runtime          = &quot;python3.12&quot;
		93  |   handler          = &quot;handler.main&quot;
		94  |   filename         = data.archive_file.load.output_path
		95  |   source_code_hash = data.archive_file.load.output_base64sha256
		96  |   timeout          = 300
		97  |   role             = aws_iam_role.ingest.arn
		98  |   vpc_config {
		99  |     subnet_ids         = var.app_subnet_ids
		100 |     security_group_ids = [var.app_sg_id]
		101 |   }
		102 |   environment {
		103 |     variables = {
		104 |       BUCKET        = aws_s3_bucket.ingest.id
		105 |       DB_SECRET_ARN = var.db_secret_arn
		106 |     }
		107 |   }
		108 |   dead_letter_config { target_arn = aws_sqs_queue.dlq.arn }
		109 | }
</failure>
		</testcase>
		<testcase name="[NONE][CKV_AWS_297] Ensure EventBridge Scheduler Schedule uses Customer Managed Key (CMK)" classname="/modules/ingestion/main.tf.module.ingestion.aws_scheduler_schedule.daily" file="/modules/ingestion/main.tf">
			<failure type="failure" message="Ensure EventBridge Scheduler Schedule uses Customer Managed Key (CMK)">
Resource: module.ingestion.aws_scheduler_schedule.daily
File: /modules/ingestion/main.tf: 130-138
Guideline: https://docs.prismacloud.io/en/enterprise-edition/policy-reference/aws-policies/aws-general-policies/bc-aws-297

		130 | resource &quot;aws_scheduler_schedule&quot; &quot;daily&quot; {
		131 |   name = &quot;medbot-ingest-daily&quot;
		132 |   flexible_time_window { mode = &quot;OFF&quot; }
		133 |   schedule_expression = &quot;cron(0 7 * * ? *)&quot; # 07:00 UTC cada dia
		134 |   target {
		135 |     arn      = aws_lambda_function.download.arn
		136 |     role_arn = aws_iam_role.scheduler.arn
		137 |   }
		138 | }
</failure>
		</testcase>
		<testcase name="[NONE][CKV_AWS_130] Ensure VPC subnets do not assign public IP by default" classname="/modules/network/main.tf.module.network.aws_subnet.public[0]" file="/modules/network/main.tf">
			<failure type="failure" message="Ensure VPC subnets do not assign public IP by default">
Resource: module.network.aws_subnet.public[0]
File: /modules/network/main.tf: 22-29
Guideline: https://docs.prismacloud.io/en/enterprise-edition/policy-reference/aws-policies/aws-networking-policies/ensure-vpc-subnets-do-not-assign-public-ip-by-default

		22 | resource &quot;aws_subnet&quot; &quot;public&quot; {
		23 |   count                   = var.az_count
		24 |   vpc_id                  = aws_vpc.main.id
		25 |   cidr_block              = cidrsubnet(var.vpc_cidr, 8, count.index)
		26 |   availability_zone       = data.aws_availability_zones.available.names[count.index]
		27 |   map_public_ip_on_launch = true
		28 |   tags                    = { Name = &quot;medbot-public-${count.index}&quot;, Tier = &quot;public&quot; }
		29 | }
</failure>
		</testcase>
		<testcase name="[NONE][CKV_AWS_382] Ensure no security groups allow egress from 0.0.0.0:0 to port -1" classname="/modules/network/main.tf.module.network.aws_security_group.alb" file="/modules/network/main.tf">
			<failure type="failure" message="Ensure no security groups allow egress from 0.0.0.0:0 to port -1">
Resource: module.network.aws_security_group.alb
File: /modules/network/main.tf: 98-120
Guideline: https://docs.prismacloud.io/en/enterprise-edition/policy-reference/aws-policies/aws-networking-policies/bc-aws-382

		98  | resource &quot;aws_security_group&quot; &quot;alb&quot; {
		99  |   name        = &quot;medbot-alb-sg&quot;
		100 |   description = &quot;Permite HTTP/HTTPS publico hacia el ALB&quot;
		101 |   vpc_id      = aws_vpc.main.id
		102 |   ingress {
		103 |     from_port   = 443
		104 |     to_port     = 443
		105 |     protocol    = &quot;tcp&quot;
		106 |     cidr_blocks = [&quot;0.0.0.0/0&quot;]
		107 |   }
		108 |   ingress {
		109 |     from_port   = 80
		110 |     to_port     = 80
		111 |     protocol    = &quot;tcp&quot;
		112 |     cidr_blocks = [&quot;0.0.0.0/0&quot;]
		113 |   }
		114 |   egress {
		115 |     from_port   = 0
		116 |     to_port     = 0
		117 |     protocol    = &quot;-1&quot;
		118 |     cidr_blocks = [&quot;0.0.0.0/0&quot;]
		119 |   }
		120 | }
</failure>
		</testcase>
		<testcase name="[NONE][CKV_AWS_23] Ensure every security group and rule has a description" classname="/modules/network/main.tf.module.network.aws_security_group.alb" file="/modules/network/main.tf">
			<failure type="failure" message="Ensure every security group and rule has a description">
Resource: module.network.aws_security_group.alb
File: /modules/network/main.tf: 98-120
Guideline: https://docs.prismacloud.io/en/enterprise-edition/policy-reference/aws-policies/aws-networking-policies/networking-31

		98  | resource &quot;aws_security_group&quot; &quot;alb&quot; {
		99  |   name        = &quot;medbot-alb-sg&quot;
		100 |   description = &quot;Permite HTTP/HTTPS publico hacia el ALB&quot;
		101 |   vpc_id      = aws_vpc.main.id
		102 |   ingress {
		103 |     from_port   = 443
		104 |     to_port     = 443
		105 |     protocol    = &quot;tcp&quot;
		106 |     cidr_blocks = [&quot;0.0.0.0/0&quot;]
		107 |   }
		108 |   ingress {
		109 |     from_port   = 80
		110 |     to_port     = 80
		111 |     protocol    = &quot;tcp&quot;
		112 |     cidr_blocks = [&quot;0.0.0.0/0&quot;]
		113 |   }
		114 |   egress {
		115 |     from_port   = 0
		116 |     to_port     = 0
		117 |     protocol    = &quot;-1&quot;
		118 |     cidr_blocks = [&quot;0.0.0.0/0&quot;]
		119 |   }
		120 | }
</failure>
		</testcase>
		<testcase name="[NONE][CKV_AWS_260] Ensure no security groups allow ingress from 0.0.0.0:0 to port 80" classname="/modules/network/main.tf.module.network.aws_security_group.alb" file="/modules/network/main.tf">
			<failure type="failure" message="Ensure no security groups allow ingress from 0.0.0.0:0 to port 80">
Resource: module.network.aws_security_group.alb
File: /modules/network/main.tf: 98-120
Guideline: https://docs.prismacloud.io/en/enterprise-edition/policy-reference/aws-policies/aws-networking-policies/ensure-aws-security-groups-do-not-allow-ingress-from-00000-to-port-80

		98  | resource &quot;aws_security_group&quot; &quot;alb&quot; {
		99  |   name        = &quot;medbot-alb-sg&quot;
		100 |   description = &quot;Permite HTTP/HTTPS publico hacia el ALB&quot;
		101 |   vpc_id      = aws_vpc.main.id
		102 |   ingress {
		103 |     from_port   = 443
		104 |     to_port     = 443
		105 |     protocol    = &quot;tcp&quot;
		106 |     cidr_blocks = [&quot;0.0.0.0/0&quot;]
		107 |   }
		108 |   ingress {
		109 |     from_port   = 80
		110 |     to_port     = 80
		111 |     protocol    = &quot;tcp&quot;
		112 |     cidr_blocks = [&quot;0.0.0.0/0&quot;]
		113 |   }
		114 |   egress {
		115 |     from_port   = 0
		116 |     to_port     = 0
		117 |     protocol    = &quot;-1&quot;
		118 |     cidr_blocks = [&quot;0.0.0.0/0&quot;]
		119 |   }
		120 | }
</failure>
		</testcase>
		<testcase name="[NONE][CKV_AWS_382] Ensure no security groups allow egress from 0.0.0.0:0 to port -1" classname="/modules/network/main.tf.module.network.aws_security_group.app" file="/modules/network/main.tf">
			<failure type="failure" message="Ensure no security groups allow egress from 0.0.0.0:0 to port -1">
Resource: module.network.aws_security_group.app
File: /modules/network/main.tf: 122-138
Guideline: https://docs.prismacloud.io/en/enterprise-edition/policy-reference/aws-policies/aws-networking-policies/bc-aws-382

		122 | resource &quot;aws_security_group&quot; &quot;app&quot; {
		123 |   name        = &quot;medbot-app-sg&quot;
		124 |   description = &quot;Solo el ALB puede hablar con la app&quot;
		125 |   vpc_id      = aws_vpc.main.id
		126 |   ingress {
		127 |     from_port       = 8000
		128 |     to_port         = 8000
		129 |     protocol        = &quot;tcp&quot;
		130 |     security_groups = [aws_security_group.alb.id]
		131 |   }
		132 |   egress {
		133 |     from_port   = 0
		134 |     to_port     = 0
		135 |     protocol    = &quot;-1&quot;
		136 |     cidr_blocks = [&quot;0.0.0.0/0&quot;]
		137 |   }
		138 | }
</failure>
		</testcase>
		<testcase name="[NONE][CKV_AWS_23] Ensure every security group and rule has a description" classname="/modules/network/main.tf.module.network.aws_security_group.app" file="/modules/network/main.tf">
			<failure type="failure" message="Ensure every security group and rule has a description">
Resource: module.network.aws_security_group.app
File: /modules/network/main.tf: 122-138
Guideline: https://docs.prismacloud.io/en/enterprise-edition/policy-reference/aws-policies/aws-networking-policies/networking-31

		122 | resource &quot;aws_security_group&quot; &quot;app&quot; {
		123 |   name        = &quot;medbot-app-sg&quot;
		124 |   description = &quot;Solo el ALB puede hablar con la app&quot;
		125 |   vpc_id      = aws_vpc.main.id
		126 |   ingress {
		127 |     from_port       = 8000
		128 |     to_port         = 8000
		129 |     protocol        = &quot;tcp&quot;
		130 |     security_groups = [aws_security_group.alb.id]
		131 |   }
		132 |   egress {
		133 |     from_port   = 0
		134 |     to_port     = 0
		135 |     protocol    = &quot;-1&quot;
		136 |     cidr_blocks = [&quot;0.0.0.0/0&quot;]
		137 |   }
		138 | }
</failure>
		</testcase>
		<testcase name="[NONE][CKV_AWS_23] Ensure every security group and rule has a description" classname="/modules/network/main.tf.module.network.aws_security_group.db" file="/modules/network/main.tf">
			<failure type="failure" message="Ensure every security group and rule has a description">
Resource: module.network.aws_security_group.db
File: /modules/network/main.tf: 140-150
Guideline: https://docs.prismacloud.io/en/enterprise-edition/policy-reference/aws-policies/aws-networking-policies/networking-31

		140 | resource &quot;aws_security_group&quot; &quot;db&quot; {
		141 |   name        = &quot;medbot-db-sg&quot;
		142 |   description = &quot;Solo la capa de app puede hablar con la base&quot;
		143 |   vpc_id      = aws_vpc.main.id
		144 |   ingress {
		145 |     from_port       = 5432
		146 |     to_port         = 5432
		147 |     protocol        = &quot;tcp&quot;
		148 |     security_groups = [aws_security_group.app.id]
		149 |   }
		150 | }
</failure>
		</testcase>
		<testcase name="[NONE][CKV_AWS_130] Ensure VPC subnets do not assign public IP by default" classname="/modules/network/main.tf.module.network.aws_subnet.public[1]" file="/modules/network/main.tf">
			<failure type="failure" message="Ensure VPC subnets do not assign public IP by default">
Resource: module.network.aws_subnet.public[1]
File: /modules/network/main.tf: 22-29
Guideline: https://docs.prismacloud.io/en/enterprise-edition/policy-reference/aws-policies/aws-networking-policies/ensure-vpc-subnets-do-not-assign-public-ip-by-default

		22 | resource &quot;aws_subnet&quot; &quot;public&quot; {
		23 |   count                   = var.az_count
		24 |   vpc_id                  = aws_vpc.main.id
		25 |   cidr_block              = cidrsubnet(var.vpc_cidr, 8, count.index)
		26 |   availability_zone       = data.aws_availability_zones.available.names[count.index]
		27 |   map_public_ip_on_launch = true
		28 |   tags                    = { Name = &quot;medbot-public-${count.index}&quot;, Tier = &quot;public&quot; }
		29 | }
</failure>
		</testcase>
		<testcase name="[NONE][CKV_AWS_26] Ensure all data stored in the SNS topic is encrypted" classname="/modules/observability/main.tf.module.observability.aws_sns_topic.alerts" file="/modules/observability/main.tf">
			<failure type="failure" message="Ensure all data stored in the SNS topic is encrypted">
Resource: module.observability.aws_sns_topic.alerts
File: /modules/observability/main.tf: 5-7
Guideline: https://docs.prismacloud.io/en/enterprise-edition/policy-reference/aws-policies/aws-general-policies/general-15

		5 | resource &quot;aws_sns_topic&quot; &quot;alerts&quot; {
		6 |   name = &quot;medbot-alerts&quot;
		7 | }
</failure>
		</testcase>
		<testcase name="[NONE][CKV_AWS_288] Ensure IAM policies does not allow data exfiltration" classname="/modules/security/main.tf.module.security.aws_iam_role_policy.read_secret" file="/modules/security/main.tf">
			<failure type="failure" message="Ensure IAM policies does not allow data exfiltration">
Resource: module.security.aws_iam_role_policy.read_secret
File: /modules/security/main.tf: 12-23
Guideline: https://docs.prismacloud.io/en/enterprise-edition/policy-reference/aws-policies/aws-iam-policies/bc-aws-288

		12 | resource &quot;aws_iam_role_policy&quot; &quot;read_secret&quot; {
		13 |   name = &quot;read-db-secret&quot;
		14 |   role = aws_iam_role.app_instance.id
		15 |   policy = jsonencode({
		16 |     Version = &quot;2012-10-17&quot;
		17 |     Statement = [{
		18 |       Effect   = &quot;Allow&quot;
		19 |       Action   = [&quot;secretsmanager:GetSecretValue&quot;]
		20 |       Resource = &quot;*&quot; # TODO: restringir al ARN concreto del secret
		21 |     }]
		22 |   })
		23 | }
</failure>
		</testcase>
		<testcase name="[NONE][CKV_AWS_355] Ensure no IAM policies documents allow &quot;*&quot; as a statement's resource for restrictable actions" classname="/modules/security/main.tf.module.security.aws_iam_role_policy.read_secret" file="/modules/security/main.tf">
			<failure type="failure" message="Ensure no IAM policies documents allow &quot;*&quot; as a statement's resource for restrictable actions">
Resource: module.security.aws_iam_role_policy.read_secret
File: /modules/security/main.tf: 12-23
Guideline: https://docs.prismacloud.io/en/enterprise-edition/policy-reference/aws-policies/aws-iam-policies/bc-aws-355

		12 | resource &quot;aws_iam_role_policy&quot; &quot;read_secret&quot; {
		13 |   name = &quot;read-db-secret&quot;
		14 |   role = aws_iam_role.app_instance.id
		15 |   policy = jsonencode({
		16 |     Version = &quot;2012-10-17&quot;
		17 |     Statement = [{
		18 |       Effect   = &quot;Allow&quot;
		19 |       Action   = [&quot;secretsmanager:GetSecretValue&quot;]
		20 |       Resource = &quot;*&quot; # TODO: restringir al ARN concreto del secret
		21 |     }]
		22 |   })
		23 | }
</failure>
		</testcase>
		<testcase name="[NONE][CKV_AWS_192] Ensure WAF prevents message lookup in Log4j2. See CVE-2021-44228 aka log4jshell" classname="/modules/security/main.tf.module.security.aws_wafv2_web_acl.main" file="/modules/security/main.tf">
			<failure type="failure" message="Ensure WAF prevents message lookup in Log4j2. See CVE-2021-44228 aka log4jshell">
Resource: module.security.aws_wafv2_web_acl.main
File: /modules/security/main.tf: 33-105
Guideline: https://docs.prismacloud.io/en/enterprise-edition/policy-reference/aws-policies/aws-networking-policies/ensure-waf-prevents-message-lookup-in-log4j2

		Code lines for this resource are too many. Please use IDE of your choice to review the file.</failure>
		</testcase>
		<testcase name="[NONE][CKV_AWS_103] Ensure that load balancer is using at least TLS 1.2" classname="/modules/compute/main.tf.module.compute.aws_lb_listener.http" file="/modules/compute/main.tf">
			<failure type="failure" message="Ensure that load balancer is using at least TLS 1.2">
Resource: module.compute.aws_lb_listener.http
File: /modules/compute/main.tf: 41-50
Guideline: https://docs.prismacloud.io/en/enterprise-edition/policy-reference/aws-policies/aws-general-policies/bc-aws-general-43

		41 | resource &quot;aws_lb_listener&quot; &quot;http&quot; {
		42 |   load_balancer_arn = aws_lb.app.arn
		43 |   port              = 80
		44 |   protocol          = &quot;HTTP&quot;
		45 |   # TODO: en prod, redirigir 80 -&gt; 443 y poner un listener 443 con certificado ACM.
		46 |   default_action {
		47 |     type             = &quot;forward&quot;
		48 |     target_group_arn = aws_lb_target_group.app.arn
		49 |   }
		50 | }
</failure>
		</testcase>
		<testcase name="[NONE][CKV2_AWS_5] Ensure that Security Groups are attached to another resource" classname="/modules/network/main.tf.module.network.aws_security_group.alb" file="/modules/network/main.tf">
			<failure type="failure" message="Ensure that Security Groups are attached to another resource">
Resource: module.network.aws_security_group.alb
File: /modules/network/main.tf: 98-120
Guideline: https://docs.prismacloud.io/en/enterprise-edition/policy-reference/aws-policies/aws-networking-policies/ensure-that-security-groups-are-attached-to-ec2-instances-or-elastic-network-interfaces-enis

		98  | resource &quot;aws_security_group&quot; &quot;alb&quot; {
		99  |   name        = &quot;medbot-alb-sg&quot;
		100 |   description = &quot;Permite HTTP/HTTPS publico hacia el ALB&quot;
		101 |   vpc_id      = aws_vpc.main.id
		102 |   ingress {
		103 |     from_port   = 443
		104 |     to_port     = 443
		105 |     protocol    = &quot;tcp&quot;
		106 |     cidr_blocks = [&quot;0.0.0.0/0&quot;]
		107 |   }
		108 |   ingress {
		109 |     from_port   = 80
		110 |     to_port     = 80
		111 |     protocol    = &quot;tcp&quot;
		112 |     cidr_blocks = [&quot;0.0.0.0/0&quot;]
		113 |   }
		114 |   egress {
		115 |     from_port   = 0
		116 |     to_port     = 0
		117 |     protocol    = &quot;-1&quot;
		118 |     cidr_blocks = [&quot;0.0.0.0/0&quot;]
		119 |   }
		120 | }
</failure>
		</testcase>
		<testcase name="[NONE][CKV2_AWS_5] Ensure that Security Groups are attached to another resource" classname="/modules/network/main.tf.module.network.aws_security_group.app" file="/modules/network/main.tf">
			<failure type="failure" message="Ensure that Security Groups are attached to another resource">
Resource: module.network.aws_security_group.app
File: /modules/network/main.tf: 122-138
Guideline: https://docs.prismacloud.io/en/enterprise-edition/policy-reference/aws-policies/aws-networking-policies/ensure-that-security-groups-are-attached-to-ec2-instances-or-elastic-network-interfaces-enis

		122 | resource &quot;aws_security_group&quot; &quot;app&quot; {
		123 |   name        = &quot;medbot-app-sg&quot;
		124 |   description = &quot;Solo el ALB puede hablar con la app&quot;
		125 |   vpc_id      = aws_vpc.main.id
		126 |   ingress {
		127 |     from_port       = 8000
		128 |     to_port         = 8000
		129 |     protocol        = &quot;tcp&quot;
		130 |     security_groups = [aws_security_group.alb.id]
		131 |   }
		132 |   egress {
		133 |     from_port   = 0
		134 |     to_port     = 0
		135 |     protocol    = &quot;-1&quot;
		136 |     cidr_blocks = [&quot;0.0.0.0/0&quot;]
		137 |   }
		138 | }
</failure>
		</testcase>
		<testcase name="[NONE][CKV2_AWS_5] Ensure that Security Groups are attached to another resource" classname="/modules/network/main.tf.module.network.aws_security_group.db" file="/modules/network/main.tf">
			<failure type="failure" message="Ensure that Security Groups are attached to another resource">
Resource: module.network.aws_security_group.db
File: /modules/network/main.tf: 140-150
Guideline: https://docs.prismacloud.io/en/enterprise-edition/policy-reference/aws-policies/aws-networking-policies/ensure-that-security-groups-are-attached-to-ec2-instances-or-elastic-network-interfaces-enis

		140 | resource &quot;aws_security_group&quot; &quot;db&quot; {
		141 |   name        = &quot;medbot-db-sg&quot;
		142 |   description = &quot;Solo la capa de app puede hablar con la base&quot;
		143 |   vpc_id      = aws_vpc.main.id
		144 |   ingress {
		145 |     from_port       = 5432
		146 |     to_port         = 5432
		147 |     protocol        = &quot;tcp&quot;
		148 |     security_groups = [aws_security_group.app.id]
		149 |   }
		150 | }
</failure>
		</testcase>
		<testcase name="[NONE][CKV2_AWS_61] Ensure that an S3 bucket has a lifecycle configuration" classname="/bootstrap/main.tf.aws_s3_bucket.state" file="/bootstrap/main.tf">
			<failure type="failure" message="Ensure that an S3 bucket has a lifecycle configuration">
Resource: aws_s3_bucket.state
File: /bootstrap/main.tf: 52-55
Guideline: https://docs.prismacloud.io/en/enterprise-edition/policy-reference/aws-policies/aws-logging-policies/bc-aws-2-61

		52 | resource &quot;aws_s3_bucket&quot; &quot;state&quot; {
		53 |   bucket        = var.state_bucket
		54 |   force_destroy = false # el estado es critico: no borrar accidentalmente
		55 | }
</failure>
		</testcase>
		<testcase name="[NONE][CKV2_AWS_61] Ensure that an S3 bucket has a lifecycle configuration" classname="/modules/ingestion/main.tf.module.ingestion.aws_s3_bucket.ingest" file="/modules/ingestion/main.tf">
			<failure type="failure" message="Ensure that an S3 bucket has a lifecycle configuration">
Resource: module.ingestion.aws_s3_bucket.ingest
File: /modules/ingestion/main.tf: 7-10
Guideline: https://docs.prismacloud.io/en/enterprise-edition/policy-reference/aws-policies/aws-logging-policies/bc-aws-2-61

		7  | resource &quot;aws_s3_bucket&quot; &quot;ingest&quot; {
		8  |   bucket_prefix = &quot;medbot-ingest-&quot;
		9  |   force_destroy = true
		10 | }
</failure>
		</testcase>
		<testcase name="[NONE][CKV2_AWS_31] Ensure WAF2 has a Logging Configuration" classname="/modules/security/main.tf.module.security.aws_wafv2_web_acl.main" file="/modules/security/main.tf">
			<failure type="failure" message="Ensure WAF2 has a Logging Configuration">
Resource: module.security.aws_wafv2_web_acl.main
File: /modules/security/main.tf: 33-105
Guideline: https://docs.prismacloud.io/en/enterprise-edition/policy-reference/aws-policies/aws-logging-policies/bc-aws-logging-33

		Code lines for this resource are too many. Please use IDE of your choice to review the file.</failure>
		</testcase>
		<testcase name="[NONE][CKV_AWS_21] Ensure all data stored in the S3 bucket have versioning enabled" classname="/modules/ingestion/main.tf.module.ingestion.aws_s3_bucket.ingest" file="/modules/ingestion/main.tf">
			<failure type="failure" message="Ensure all data stored in the S3 bucket have versioning enabled">
Resource: module.ingestion.aws_s3_bucket.ingest
File: /modules/ingestion/main.tf: 7-10
Guideline: https://docs.prismacloud.io/en/enterprise-edition/policy-reference/aws-policies/s3-policies/s3-16-enable-versioning

		7  | resource &quot;aws_s3_bucket&quot; &quot;ingest&quot; {
		8  |   bucket_prefix = &quot;medbot-ingest-&quot;
		9  |   force_destroy = true
		10 | }
</failure>
		</testcase>
		<testcase name="[NONE][CKV_AWS_378] Ensure AWS Load Balancer doesn't use HTTP protocol" classname="/modules/compute/main.tf.module.compute.aws_lb_target_group.app" file="/modules/compute/main.tf">
			<failure type="failure" message="Ensure AWS Load Balancer doesn't use HTTP protocol">
Resource: module.compute.aws_lb_target_group.app
File: /modules/compute/main.tf: 22-33
Guideline: https://docs.prismacloud.io/en/enterprise-edition/policy-reference/aws-policies/aws-networking-policies/bc-aws-378

		22 | resource &quot;aws_lb_target_group&quot; &quot;app&quot; {
		23 |   name        = &quot;medbot-tg&quot;
		24 |   port        = 8000
		25 |   protocol    = &quot;HTTP&quot;
		26 |   vpc_id      = var.vpc_id
		27 |   target_type = &quot;instance&quot;
		28 |   health_check {
		29 |     path                = &quot;/health&quot;
		30 |     healthy_threshold   = 2
		31 |     unhealthy_threshold = 3
		32 |   }
		33 | }
</failure>
		</testcase>
		<testcase name="[NONE][CKV_AWS_18] Ensure the S3 bucket has access logging enabled" classname="/bootstrap/main.tf.aws_s3_bucket.state" file="/bootstrap/main.tf">
			<failure type="failure" message="Ensure the S3 bucket has access logging enabled">
Resource: aws_s3_bucket.state
File: /bootstrap/main.tf: 52-55
Guideline: https://docs.prismacloud.io/en/enterprise-edition/policy-reference/aws-policies/s3-policies/s3-13-enable-logging

		52 | resource &quot;aws_s3_bucket&quot; &quot;state&quot; {
		53 |   bucket        = var.state_bucket
		54 |   force_destroy = false # el estado es critico: no borrar accidentalmente
		55 | }
</failure>
		</testcase>
		<testcase name="[NONE][CKV_AWS_18] Ensure the S3 bucket has access logging enabled" classname="/modules/ingestion/main.tf.module.ingestion.aws_s3_bucket.ingest" file="/modules/ingestion/main.tf">
			<failure type="failure" message="Ensure the S3 bucket has access logging enabled">
Resource: module.ingestion.aws_s3_bucket.ingest
File: /modules/ingestion/main.tf: 7-10
Guideline: https://docs.prismacloud.io/en/enterprise-edition/policy-reference/aws-policies/s3-policies/s3-13-enable-logging

		7  | resource &quot;aws_s3_bucket&quot; &quot;ingest&quot; {
		8  |   bucket_prefix = &quot;medbot-ingest-&quot;
		9  |   force_destroy = true
		10 | }
</failure>
		</testcase>
		<testcase name="[NONE][CKV_AWS_145] Ensure that S3 buckets are encrypted with KMS by default" classname="/bootstrap/main.tf.aws_s3_bucket.state" file="/bootstrap/main.tf">
			<failure type="failure" message="Ensure that S3 buckets are encrypted with KMS by default">
Resource: aws_s3_bucket.state
File: /bootstrap/main.tf: 52-55
Guideline: https://docs.prismacloud.io/en/enterprise-edition/policy-reference/aws-policies/aws-general-policies/ensure-that-s3-buckets-are-encrypted-with-kms-by-default

		52 | resource &quot;aws_s3_bucket&quot; &quot;state&quot; {
		53 |   bucket        = var.state_bucket
		54 |   force_destroy = false # el estado es critico: no borrar accidentalmente
		55 | }
</failure>
		</testcase>
		<testcase name="[NONE][CKV_AWS_145] Ensure that S3 buckets are encrypted with KMS by default" classname="/modules/ingestion/main.tf.module.ingestion.aws_s3_bucket.ingest" file="/modules/ingestion/main.tf">
			<failure type="failure" message="Ensure that S3 buckets are encrypted with KMS by default">
Resource: module.ingestion.aws_s3_bucket.ingest
File: /modules/ingestion/main.tf: 7-10
Guideline: https://docs.prismacloud.io/en/enterprise-edition/policy-reference/aws-policies/aws-general-policies/ensure-that-s3-buckets-are-encrypted-with-kms-by-default

		7  | resource &quot;aws_s3_bucket&quot; &quot;ingest&quot; {
		8  |   bucket_prefix = &quot;medbot-ingest-&quot;
		9  |   force_destroy = true
		10 | }
</failure>
		</testcase>
		<testcase name="[NONE][CKV2_AWS_60] Ensure RDS instance with copy tags to snapshots is enabled" classname="/modules/data/main.tf.module.data.aws_db_instance.postgres" file="/modules/data/main.tf">
			<failure type="failure" message="Ensure RDS instance with copy tags to snapshots is enabled">
Resource: module.data.aws_db_instance.postgres
File: /modules/data/main.tf: 20-37
Guideline: https://docs.prismacloud.io/en/enterprise-edition/policy-reference/aws-policies/aws-general-policies/bc-aws-2-60

		20 | resource &quot;aws_db_instance&quot; &quot;postgres&quot; {
		21 |   identifier              = &quot;medbot-db&quot;
		22 |   engine                  = &quot;postgres&quot;
		23 |   engine_version          = &quot;16&quot;
		24 |   instance_class          = var.instance_class
		25 |   allocated_storage       = 20
		26 |   storage_encrypted       = true
		27 |   db_name                 = &quot;medbot&quot;
		28 |   username                = &quot;medbot_admin&quot;
		29 |   password                = random_password.db.result
		30 |   multi_az                = true # &lt;-- alta disponibilidad: standby sincrono en otra AZ
		31 |   db_subnet_group_name    = aws_db_subnet_group.this.name
		32 |   vpc_security_group_ids  = [var.db_sg_id]
		33 |   backup_retention_period = 7
		34 |   skip_final_snapshot     = true # OK para dev; en prod debe ser false
		35 |   deletion_protection     = false
		36 |   # performance_insights_enabled = true  # recomendado: alimenta la observabilidad de la BD
		37 | }
</failure>
		</testcase>
		<testcase name="[NONE][CKV2_AWS_62] Ensure S3 buckets should have event notifications enabled" classname="/bootstrap/main.tf.aws_s3_bucket.state" file="/bootstrap/main.tf">
			<failure type="failure" message="Ensure S3 buckets should have event notifications enabled">
Resource: aws_s3_bucket.state
File: /bootstrap/main.tf: 52-55
Guideline: https://docs.prismacloud.io/en/enterprise-edition/policy-reference/aws-policies/aws-logging-policies/bc-aws-2-62

		52 | resource &quot;aws_s3_bucket&quot; &quot;state&quot; {
		53 |   bucket        = var.state_bucket
		54 |   force_destroy = false # el estado es critico: no borrar accidentalmente
		55 | }
</failure>
		</testcase>
		<testcase name="[NONE][CKV2_AWS_57] Ensure Secrets Manager secrets should have automatic rotation enabled" classname="/modules/data/main.tf.module.data.aws_secretsmanager_secret.db" file="/modules/data/main.tf">
			<failure type="failure" message="Ensure Secrets Manager secrets should have automatic rotation enabled">
Resource: module.data.aws_secretsmanager_secret.db
File: /modules/data/main.tf: 16-18
Guideline: https://docs.prismacloud.io/en/enterprise-edition/policy-reference/aws-policies/aws-general-policies/bc-aws-2-57

		16 | resource &quot;aws_secretsmanager_secret&quot; &quot;db&quot; {
		17 |   name = &quot;medbot/db/credentials&quot;
		18 | }
</failure>
		</testcase>
		<testcase name="[NONE][CKV2_AWS_20] Ensure that ALB redirects HTTP requests into HTTPS ones" classname="/modules/compute/main.tf.module.compute.aws_lb.app" file="/modules/compute/main.tf">
			<failure type="failure" message="Ensure that ALB redirects HTTP requests into HTTPS ones">
Resource: module.compute.aws_lb.app
File: /modules/compute/main.tf: 15-20
Guideline: https://docs.prismacloud.io/en/enterprise-edition/policy-reference/aws-policies/aws-networking-policies/ensure-that-alb-redirects-http-requests-into-https-ones

		15 | resource &quot;aws_lb&quot; &quot;app&quot; {
		16 |   name               = &quot;medbot-alb&quot;
		17 |   load_balancer_type = &quot;application&quot;
		18 |   security_groups    = [var.alb_sg_id]
		19 |   subnets            = var.public_subnet_ids
		20 | }
</failure>
		</testcase>
		<testcase name="[NONE][CKV2_AWS_11] Ensure VPC flow logging is enabled in all VPCs" classname="/modules/network/main.tf.module.network.aws_vpc.main" file="/modules/network/main.tf">
			<failure type="failure" message="Ensure VPC flow logging is enabled in all VPCs">
Resource: module.network.aws_vpc.main
File: /modules/network/main.tf: 9-14
Guideline: https://docs.prismacloud.io/en/enterprise-edition/policy-reference/aws-policies/aws-logging-policies/logging-9-enable-vpc-flow-logging

		9  | resource &quot;aws_vpc&quot; &quot;main&quot; {
		10 |   cidr_block           = var.vpc_cidr
		11 |   enable_dns_support   = true
		12 |   enable_dns_hostnames = true
		13 |   tags                 = { Name = &quot;medbot-vpc&quot; }
		14 | }
</failure>
		</testcase>
		<testcase name="[NONE][CKV_AWS_144] Ensure that S3 bucket has cross-region replication enabled" classname="/bootstrap/main.tf.aws_s3_bucket.state" file="/bootstrap/main.tf">
			<failure type="failure" message="Ensure that S3 bucket has cross-region replication enabled">
Resource: aws_s3_bucket.state
File: /bootstrap/main.tf: 52-55
Guideline: https://docs.prismacloud.io/en/enterprise-edition/policy-reference/aws-policies/aws-general-policies/ensure-that-s3-bucket-has-cross-region-replication-enabled

		52 | resource &quot;aws_s3_bucket&quot; &quot;state&quot; {
		53 |   bucket        = var.state_bucket
		54 |   force_destroy = false # el estado es critico: no borrar accidentalmente
		55 | }
</failure>
		</testcase>
		<testcase name="[NONE][CKV_AWS_144] Ensure that S3 bucket has cross-region replication enabled" classname="/modules/ingestion/main.tf.module.ingestion.aws_s3_bucket.ingest" file="/modules/ingestion/main.tf">
			<failure type="failure" message="Ensure that S3 bucket has cross-region replication enabled">
Resource: module.ingestion.aws_s3_bucket.ingest
File: /modules/ingestion/main.tf: 7-10
Guideline: https://docs.prismacloud.io/en/enterprise-edition/policy-reference/aws-policies/aws-general-policies/ensure-that-s3-bucket-has-cross-region-replication-enabled

		7  | resource &quot;aws_s3_bucket&quot; &quot;ingest&quot; {
		8  |   bucket_prefix = &quot;medbot-ingest-&quot;
		9  |   force_destroy = true
		10 | }
</failure>
		</testcase>
		<testcase name="[NONE][CKV2_AWS_12] Ensure the default security group of every VPC restricts all traffic" classname="/modules/network/main.tf.module.network.aws_vpc.main" file="/modules/network/main.tf">
			<failure type="failure" message="Ensure the default security group of every VPC restricts all traffic">
Resource: module.network.aws_vpc.main
File: /modules/network/main.tf: 9-14
Guideline: https://docs.prismacloud.io/en/enterprise-edition/policy-reference/aws-policies/aws-networking-policies/networking-4

		9  | resource &quot;aws_vpc&quot; &quot;main&quot; {
		10 |   cidr_block           = var.vpc_cidr
		11 |   enable_dns_support   = true
		12 |   enable_dns_hostnames = true
		13 |   tags                 = { Name = &quot;medbot-vpc&quot; }
		14 | }
</failure>
		</testcase>
		<testcase name="[NONE][CKV2_AWS_30] Ensure Postgres RDS as aws_db_instance has Query Logging enabled" classname="/modules/data/main.tf.module.data.aws_db_instance.postgres" file="/modules/data/main.tf">
			<failure type="failure" message="Ensure Postgres RDS as aws_db_instance has Query Logging enabled">
Resource: module.data.aws_db_instance.postgres
File: /modules/data/main.tf: 20-37
Guideline: https://docs.prismacloud.io/en/enterprise-edition/policy-reference/aws-policies/aws-general-policies/ensure-postgres-rds-has-query-logging-enabled

		20 | resource &quot;aws_db_instance&quot; &quot;postgres&quot; {
		21 |   identifier              = &quot;medbot-db&quot;
		22 |   engine                  = &quot;postgres&quot;
		23 |   engine_version          = &quot;16&quot;
		24 |   instance_class          = var.instance_class
		25 |   allocated_storage       = 20
		26 |   storage_encrypted       = true
		27 |   db_name                 = &quot;medbot&quot;
		28 |   username                = &quot;medbot_admin&quot;
		29 |   password                = random_password.db.result
		30 |   multi_az                = true # &lt;-- alta disponibilidad: standby sincrono en otra AZ
		31 |   db_subnet_group_name    = aws_db_subnet_group.this.name
		32 |   vpc_security_group_ids  = [var.db_sg_id]
		33 |   backup_retention_period = 7
		34 |   skip_final_snapshot     = true # OK para dev; en prod debe ser false
		35 |   deletion_protection     = false
		36 |   # performance_insights_enabled = true  # recomendado: alimenta la observabilidad de la BD
		37 | }
</failure>
		</testcase>
		<testcase name="[NONE][CKV2_AWS_76] Ensure AWS ALB attached WAFv2 WebACL is configured with AMR for Log4j Vulnerability" classname="/modules/compute/main.tf.module.compute.aws_lb.app" file="/modules/compute/main.tf">
			<failure type="failure" message="Ensure AWS ALB attached WAFv2 WebACL is configured with AMR for Log4j Vulnerability">
Resource: module.compute.aws_lb.app
File: /modules/compute/main.tf: 15-20
Guideline: None

		15 | resource &quot;aws_lb&quot; &quot;app&quot; {
		16 |   name               = &quot;medbot-alb&quot;
		17 |   load_balancer_type = &quot;application&quot;
		18 |   security_groups    = [var.alb_sg_id]
		19 |   subnets            = var.public_subnet_ids
		20 | }
</failure>
		</testcase>
	</testsuite>
</testsuites>
